2025-08-06 20:24:50,776 - INFO - Se consultó la lista de productos, pero la base de datos está vacía.
2025-08-06 20:24:55,944 - INFO - Producto agregado con ID 1: creatina, Precio: 50, Stock: 0
2025-08-06 20:24:58,137 - INFO - Consulta de la lista completa de productos.
2025-08-08 08:51:10,673 - INFO - Se consultó la lista de productos, pero la base de datos está vacía.
2025-08-08 08:51:21,458 - INFO - Se consultó la lista de productos, pero la base de datos está vacía.
2025-08-08 08:54:56,535 - INFO - Producto agregado con ID 1: NVIDIA RTX 4070, Precio: 599.99, Stock: 12
2025-08-08 08:54:56,535 - INFO - Producto agregado con ID 2: AMD Ryzen 7 7700X, Precio: 349.99, Stock: 8
2025-08-08 08:54:56,536 - INFO - Producto agregado con ID 3: Corsair Vengeance DDR5 32GB, Precio: 199.99, Stock: 15
2025-08-08 08:54:56,536 - INFO - Producto agregado con ID 4: ASUS ROG Strix B650-E, Precio: 299.99, Stock: 3
2025-08-08 08:54:56,536 - INFO - Producto agregado con ID 5: Monitor Samsung Odyssey G7 27', Precio: 449.99, Stock: 0
2025-08-08 08:54:56,536 - INFO - Producto agregado con ID 6: Teclado Mecánico Logitech G Pro X, Precio: 129.99, Stock: 25
2025-08-08 08:55:35,045 - INFO - Producto agregado con ID 1: NVIDIA RTX 4070, Precio: 599.99, Stock: 12
2025-08-08 08:55:35,046 - INFO - Producto agregado con ID 2: AMD Ryzen 7 7700X, Precio: 349.99, Stock: 8
2025-08-08 08:55:35,046 - INFO - Producto agregado con ID 3: Corsair Vengeance DDR5 32GB, Precio: 199.99, Stock: 15
2025-08-08 08:55:35,046 - INFO - Producto agregado con ID 4: ASUS ROG Strix B650-E, Precio: 299.99, Stock: 3
2025-08-08 08:55:35,046 - INFO - Producto agregado con ID 5: Monitor Samsung Odyssey G7 27', Precio: 449.99, Stock: 0
2025-08-08 08:55:35,046 - INFO - Producto agregado con ID 6: Teclado Mecánico Logitech G Pro X, Precio: 129.99, Stock: 25
2025-08-08 08:55:35,047 - INFO - Consulta de la lista completa de productos. Total: 6 productos
2025-08-08 08:56:01,478 - INFO - Se consultó la lista de productos, pero la base de datos está vacía.
2025-08-08 09:03:11,940 - INFO - Producto de ejemplo cargado con ID 1: NVIDIA RTX 4070, Stock: 12
2025-08-08 09:03:11,940 - INFO - Producto de ejemplo cargado con ID 2: AMD Ryzen 7 7700X, Stock: 8
2025-08-08 09:03:11,940 - INFO - Producto de ejemplo cargado con ID 3: Corsair Vengeance DDR5 32GB, Stock: 15
2025-08-08 09:03:11,940 - INFO - Producto de ejemplo cargado con ID 4: ASUS ROG Strix B650-E, Stock: 3
2025-08-08 09:03:11,940 - INFO - Producto de ejemplo cargado con ID 5: Monitor Samsung Odyssey G7 27", Stock: 0
2025-08-08 09:03:11,940 - INFO - Producto de ejemplo cargado con ID 6: Teclado Mecánico Logitech G Pro X, Stock: 25
2025-08-08 09:03:51,335 - INFO - Consulta de la lista completa de productos. Total: 6 productos
2025-08-08 09:16:04,617 - INFO - Consulta de la lista completa de productos. Total: 6 productos
2025-08-08 09:17:13,767 - INFO - Producto de ejemplo cargado con ID 1: NVIDIA RTX 4070, Stock: 12
2025-08-08 09:17:13,768 - INFO - Producto de ejemplo cargado con ID 2: AMD Ryzen 7 7700X, Stock: 8
2025-08-08 09:17:13,768 - INFO - Producto de ejemplo cargado con ID 3: Corsair Vengeance DDR5 32GB, Stock: 15
2025-08-08 09:17:13,768 - INFO - Producto de ejemplo cargado con ID 4: ASUS ROG Strix B650-E, Stock: 3
2025-08-08 09:17:13,768 - INFO - Producto de ejemplo cargado con ID 5: Monitor Samsung Odyssey G7 27", Stock: 0
2025-08-08 09:17:13,768 - INFO - Producto de ejemplo cargado con ID 6: Teclado Mecánico Logitech G Pro X, Stock: 25
2025-08-08 09:21:18,970 - INFO - Producto de ejemplo cargado con ID 1: NVIDIA RTX 4070, Stock: 12
2025-08-08 09:21:18,971 - INFO - Producto de ejemplo cargado con ID 2: AMD Ryzen 7 7700X, Stock: 8
2025-08-08 09:21:18,971 - INFO - Producto de ejemplo cargado con ID 3: Corsair Vengeance DDR5 32GB, Stock: 15
2025-08-08 09:21:18,971 - INFO - Producto de ejemplo cargado con ID 4: ASUS ROG Strix B650-E, Stock: 3
2025-08-08 09:21:18,971 - INFO - Producto de ejemplo cargado con ID 5: Monitor Samsung Odyssey G7 27", Stock: 0
2025-08-08 09:21:18,971 - INFO - Producto de ejemplo cargado con ID 6: Teclado Mecánico Logitech G Pro X, Stock: 25
2025-08-08 09:21:23,643 - INFO - Consulta de la lista completa de productos. Total: 6 productos
2025-08-08 09:21:36,001 - INFO - Producto de ejemplo cargado con ID 1: NVIDIA RTX 4070, Stock: 12
2025-08-08 09:21:36,001 - INFO - Producto de ejemplo cargado con ID 2: AMD Ryzen 7 7700X, Stock: 8
2025-08-08 09:21:36,001 - INFO - Producto de ejemplo cargado con ID 3: Corsair Vengeance DDR5 32GB, Stock: 15
2025-08-08 09:21:36,001 - INFO - Producto de ejemplo cargado con ID 4: ASUS ROG Strix B650-E, Stock: 3
2025-08-08 09:21:36,001 - INFO - Producto de ejemplo cargado con ID 5: Monitor Samsung Odyssey G7 27", Stock: 0
2025-08-08 09:21:36,002 - INFO - Producto de ejemplo cargado con ID 6: Teclado Mecánico Logitech G Pro X, Stock: 25
2025-08-08 09:42:04,193 - INFO - Consulta de la lista completa de productos. Total: 6 productos
2025-08-08 09:43:56,194 - INFO - Consulta de la lista completa de productos. Total: 6 productos
2025-08-08 09:44:19,787 - INFO - Productos exportados exitosamente. Archivo: 'exports-txt\ejemplo1.txt', Cantidad de productos: 6
